Enter value for 1: MMF_914
Enter value for 2: MMF_914_DATA
Enter value for 3: MMF_914_INDEX
*********
Username caling to drop_user: MMF_914
old   1: DROP USER &&USER_NAME_DROP CASCADE
new   1: DROP USER MMF_914 CASCADE

User dropped.

Elapsed: 00:00:00.51
*********

*********
Username caling to drop_tablspace: MMF_914_DATA
old   1: DROP TABLESPACE &&TABLESPACE_NAME
new   1: DROP TABLESPACE MMF_914_DATA

Tablespace dropped.

Elapsed: 00:00:07.89
*********

*********
Username caling to drop_tablspace: MMF_914_INDEX
old   1: DROP TABLESPACE &&TABLESPACE_NAME
new   1: DROP TABLESPACE MMF_914_INDEX

Tablespace dropped.

Elapsed: 00:00:07.87
*********

