Enter value for 1: MMF_914
Enter value for 2: E:\BD\oradata\ORCL\DATAFILE\
*********
Username to create: MMF_914
Path of datafile location: E:\BD\oradata\ORCL\DATAFILE\
*********

*********
Calling create_tablespace.sql for data tablespace
MMF_914_DATA
E:\BD\oradata\ORCL\DATAFILE\MMF_914_DATA.dbf
old   1: CREATE TABLESPACE  &&TYPE_TBS_NAME
new   1: CREATE TABLESPACE  MMF_914_DATA
old   3:         '&&TYPE_FILENAME' SIZE 10M AUTOEXTEND ON NEXT 10M MAXSIZE 10G
new   3:         'E:\BD\oradata\ORCL\DATAFILE\MMF_914_DATA.dbf' SIZE 10M AUTOEXTEND ON NEXT 10M MAXSIZE 10G

Tablespace created.

Elapsed: 00:00:00.76
*********

*********
Calling create_tablespace.sql for index tablespace
Enter value for user_name: MMF_914
Enter value for tbs_location: E:\BD\oradata\ORCL\DATAFILE\
MMF_914_INDEX
E:\BD\oradata\ORCL\DATAFILE\MMF_914_INDEX.dbf
old   1: CREATE TABLESPACE  &&TYPE_TBS_NAME
new   1: CREATE TABLESPACE  MMF_914_INDEX
old   3:         '&&TYPE_FILENAME' SIZE 10M AUTOEXTEND ON NEXT 10M MAXSIZE 10G
new   3:         'E:\BD\oradata\ORCL\DATAFILE\MMF_914_INDEX.dbf' SIZE 10M AUTOEXTEND ON NEXT 10M MAXSIZE 10G

Tablespace created.

Elapsed: 00:00:00.71
*********

*********
Calling create_user.sql
Enter value for user_name: MMF_914
*******************************
Script start: create_user.sql
*******************************
old   1: CREATE USER &&SCHEMA_NAME
new   1: CREATE USER MMF_914
old   2: IDENTIFIED BY &&SCHEMA_PASSWORD
new   2: IDENTIFIED BY oracle
old   3: DEFAULT TABLESPACE &&DEFAULT_TBS
new   3: DEFAULT TABLESPACE MMF_914_DATA
old   5: QUOTA 20M on &&DEFAULT_TBS
new   5: QUOTA 20M on MMF_914_DATA

User created.

Elapsed: 00:00:00.03
SP2-0734: unknown command beginning "QUOTA 20M ..." - rest of line ignored.
*********

*********
Calling grant.sql for MMF_914
old   1: GRANT CREATE SEQUENCE TO &&SCHEMA_NAME
new   1: GRANT CREATE SEQUENCE TO MMF_914

Grant succeeded.

Elapsed: 00:00:00.00
old   1: GRANT CREATE TABLE TO &&SCHEMA_NAME
new   1: GRANT CREATE TABLE TO MMF_914

Grant succeeded.

Elapsed: 00:00:00.01
old   1: GRANT CREATE TYPE TO &&SCHEMA_NAME
new   1: GRANT CREATE TYPE TO MMF_914

Grant succeeded.

Elapsed: 00:00:00.00
old   1: GRANT CREATE SYNONYM TO &&SCHEMA_NAME
new   1: GRANT CREATE SYNONYM TO MMF_914

Grant succeeded.

Elapsed: 00:00:00.00
old   1: GRANT CREATE SESSION TO &&SCHEMA_NAME
new   1: GRANT CREATE SESSION TO MMF_914

Grant succeeded.

Elapsed: 00:00:00.01
old   1: GRANT CREATE PROCEDURE TO &&SCHEMA_NAME
new   1: GRANT CREATE PROCEDURE TO MMF_914

Grant succeeded.

Elapsed: 00:00:00.00
old   1: GRANT CREATE TRIGGER TO &&SCHEMA_NAME
new   1: GRANT CREATE TRIGGER TO MMF_914

Grant succeeded.

Elapsed: 00:00:00.00
old   1: GRANT CREATE VIEW TO &&SCHEMA_NAME
new   1: GRANT CREATE VIEW TO MMF_914

Grant succeeded.

Elapsed: 00:00:00.01
old   1: GRANT CREATE ANY DIRECTORY TO &&SCHEMA_NAME
new   1: GRANT CREATE ANY DIRECTORY TO MMF_914

Grant succeeded.

Elapsed: 00:00:00.00
old   1: ALTER USER &&SCHEMA_NAME QUOTA UNLIMITED ON &&SCHEMA_NAME._DATA
new   1: ALTER USER MMF_914 QUOTA UNLIMITED ON MMF_914_DATA

User altered.

Elapsed: 00:00:00.01
old   1: ALTER USER &&SCHEMA_NAME QUOTA UNLIMITED ON &&SCHEMA_NAME._INDEX
new   1: ALTER USER MMF_914 QUOTA UNLIMITED ON MMF_914_INDEX

User altered.

Elapsed: 00:00:00.00
*********

