Enter value for 1: MMF_914
Connecting to user MMF_914
Connected.
Creating tables

Table created.

Elapsed: 00:00:00.03

Table created.

Elapsed: 00:00:00.02

Table created.

Elapsed: 00:00:00.02

Table created.

Elapsed: 00:00:00.01

Table created.

Elapsed: 00:00:00.05

Table created.

Elapsed: 00:00:00.07

Table created.

Elapsed: 00:00:00.09

Table created.

Elapsed: 00:00:00.04

Table created.

Elapsed: 00:00:00.02

Table created.

Elapsed: 00:00:00.02
Creating constraints

Table altered.

Elapsed: 00:00:00.03

Table altered.

Elapsed: 00:00:00.02

Table altered.

Elapsed: 00:00:00.02

Table altered.

Elapsed: 00:00:00.02

Table altered.

Elapsed: 00:00:00.02

Table altered.

Elapsed: 00:00:00.02

Table altered.

Elapsed: 00:00:00.02

Table altered.

Elapsed: 00:00:00.02

Table altered.

Elapsed: 00:00:00.01

Table altered.

Elapsed: 00:00:00.02

Table altered.

Elapsed: 00:00:00.01
